2021-01-05 10:35:44.478 [ restartedMain ] - [ INFO  ] [ com.whut.blog.BlogV1Application : 55 ] - Starting BlogV1Application using Java 14.0.1 on MSI with PID 26480 (E:\java_project\SpringBoot\blog_v1\target\classes started by MSI-PC in E:\java_project\SpringBoot\blog_v1)
2021-01-05 10:35:44.481 [ background-preinit ] - [ INFO  ] [ org.hibernate.validator.internal.util.Version : 21 ] - HV000001: Hibernate Validator 6.1.7.Final
2021-01-05 10:35:44.484 [ restartedMain ] - [ DEBUG ] [ com.whut.blog.BlogV1Application : 56 ] - Running with Spring Boot v2.4.1, Spring v5.3.2
2021-01-05 10:35:44.484 [ restartedMain ] - [ INFO  ] [ com.whut.blog.BlogV1Application : 664 ] - The following profiles are active: dev
2021-01-05 10:35:46.170 [ restartedMain ] - [ WARN  ] [ org.mybatis.spring.mapper.ClassPathMapperScanner : 44 ] - No MyBatis mapper was found in '[com.whut.blog]' package. Please check your configuration.
2021-01-05 10:35:46.864 [ restartedMain ] - [ INFO  ] [ org.apache.coyote.http11.Http11NioProtocol : 173 ] - Initializing ProtocolHandler ["http-nio-8080"]
2021-01-05 10:35:46.864 [ restartedMain ] - [ INFO  ] [ org.apache.catalina.core.StandardService : 173 ] - Starting service [Tomcat]
2021-01-05 10:35:46.864 [ restartedMain ] - [ INFO  ] [ org.apache.catalina.core.StandardEngine : 173 ] - Starting Servlet engine: [Apache Tomcat/9.0.41]
2021-01-05 10:35:46.974 [ restartedMain ] - [ INFO  ] [ o.a.c.core.ContainerBase.[Tomcat].[localhost].[/] : 173 ] - Initializing Spring embedded WebApplicationContext
2021-01-05 10:35:47.150 [ restartedMain ] - [ INFO  ] [ org.hibernate.jpa.internal.util.LogHelper : 31 ] - HHH000204: Processing PersistenceUnitInfo [name: default]
2021-01-05 10:35:47.245 [ restartedMain ] - [ INFO  ] [ org.hibernate.Version : 44 ] - HHH000412: Hibernate ORM core version 5.4.25.Final
2021-01-05 10:35:47.499 [ restartedMain ] - [ INFO  ] [ org.hibernate.annotations.common.Version : 56 ] - HCANN000001: Hibernate Commons Annotations {5.1.2.Final}
2021-01-05 10:35:47.908 [ restartedMain ] - [ INFO  ] [ com.zaxxer.hikari.HikariDataSource : 110 ] - HikariPool-1 - Starting...
2021-01-05 10:36:10.098 [ restartedMain ] - [ ERROR ] [ com.zaxxer.hikari.pool.HikariPool : 593 ] - HikariPool-1 - Exception during pool initialization.
com.mysql.cj.jdbc.exceptions.CommunicationsException: Communications link failure

The last packet sent successfully to the server was 0 milliseconds ago. The driver has not received any packets from the server.
	at com.mysql.cj.jdbc.exceptions.SQLError.createCommunicationsException(SQLError.java:174)
	at com.mysql.cj.jdbc.exceptions.SQLExceptionsMapping.translateException(SQLExceptionsMapping.java:64)
	at com.mysql.cj.jdbc.ConnectionImpl.createNewIO(ConnectionImpl.java:836)
	at com.mysql.cj.jdbc.ConnectionImpl.<init>(ConnectionImpl.java:456)
	at com.mysql.cj.jdbc.ConnectionImpl.getInstance(ConnectionImpl.java:246)
	at com.mysql.cj.jdbc.NonRegisteringDriver.connect(NonRegisteringDriver.java:198)
	at com.zaxxer.hikari.util.DriverDataSource.getConnection(DriverDataSource.java:138)
	at com.zaxxer.hikari.pool.PoolBase.newConnection(PoolBase.java:358)
	at com.zaxxer.hikari.pool.PoolBase.newPoolEntry(PoolBase.java:206)
	at com.zaxxer.hikari.pool.HikariPool.createPoolEntry(HikariPool.java:477)
	at com.zaxxer.hikari.pool.HikariPool.checkFailFast(HikariPool.java:560)
	at com.zaxxer.hikari.pool.HikariPool.<init>(HikariPool.java:115)
	at com.zaxxer.hikari.HikariDataSource.getConnection(HikariDataSource.java:112)
	at org.hibernate.engine.jdbc.connections.internal.DatasourceConnectionProviderImpl.getConnection(DatasourceConnectionProviderImpl.java:122)
	at org.hibernate.engine.jdbc.env.internal.JdbcEnvironmentInitiator$ConnectionProviderJdbcConnectionAccess.obtainConnection(JdbcEnvironmentInitiator.java:180)
	at org.hibernate.engine.jdbc.env.internal.JdbcEnvironmentInitiator.initiateService(JdbcEnvironmentInitiator.java:68)
	at org.hibernate.engine.jdbc.env.internal.JdbcEnvironmentInitiator.initiateService(JdbcEnvironmentInitiator.java:35)
	at org.hibernate.boot.registry.internal.StandardServiceRegistryImpl.initiateService(StandardServiceRegistryImpl.java:101)
	at org.hibernate.service.internal.AbstractServiceRegistryImpl.createService(AbstractServiceRegistryImpl.java:263)
	at org.hibernate.service.internal.AbstractServiceRegistryImpl.initializeService(AbstractServiceRegistryImpl.java:237)
	at org.hibernate.service.internal.AbstractServiceRegistryImpl.getService(AbstractServiceRegistryImpl.java:214)
	at org.hibernate.id.factory.internal.DefaultIdentifierGeneratorFactory.injectServices(DefaultIdentifierGeneratorFactory.java:152)
	at org.hibernate.service.internal.AbstractServiceRegistryImpl.injectDependencies(AbstractServiceRegistryImpl.java:286)
	at org.hibernate.service.internal.AbstractServiceRegistryImpl.initializeService(AbstractServiceRegistryImpl.java:243)
	at org.hibernate.service.internal.AbstractServiceRegistryImpl.getService(AbstractServiceRegistryImpl.java:214)
	at org.hibernate.boot.internal.InFlightMetadataCollectorImpl.<init>(InFlightMetadataCollectorImpl.java:176)
	at org.hibernate.boot.model.process.spi.MetadataBuildingProcess.complete(MetadataBuildingProcess.java:127)
	at org.hibernate.jpa.boot.internal.EntityManagerFactoryBuilderImpl.metadata(EntityManagerFactoryBuilderImpl.java:1224)
	at org.hibernate.jpa.boot.internal.EntityManagerFactoryBuilderImpl.build(EntityManagerFactoryBuilderImpl.java:1255)
	at org.springframework.orm.jpa.vendor.SpringHibernateJpaPersistenceProvider.createContainerEntityManagerFactory(SpringHibernateJpaPersistenceProvider.java:58)
	at org.springframework.orm.jpa.LocalContainerEntityManagerFactoryBean.createNativeEntityManagerFactory(LocalContainerEntityManagerFactoryBean.java:365)
	at org.springframework.orm.jpa.AbstractEntityManagerFactoryBean.buildNativeEntityManagerFactory(AbstractEntityManagerFactoryBean.java:409)
	at org.springframework.orm.jpa.AbstractEntityManagerFactoryBean.afterPropertiesSet(AbstractEntityManagerFactoryBean.java:396)
	at org.springframework.orm.jpa.LocalContainerEntityManagerFactoryBean.afterPropertiesSet(LocalContainerEntityManagerFactoryBean.java:341)
	at org.springframework.beans.factory.support.AbstractAutowireCapableBeanFactory.invokeInitMethods(AbstractAutowireCapableBeanFactory.java:1847)
	at org.springframework.beans.factory.support.AbstractAutowireCapableBeanFactory.initializeBean(AbstractAutowireCapableBeanFactory.java:1784)
	at org.springframework.beans.factory.support.AbstractAutowireCapableBeanFactory.doCreateBean(AbstractAutowireCapableBeanFactory.java:609)
	at org.springframework.beans.factory.support.AbstractAutowireCapableBeanFactory.createBean(AbstractAutowireCapableBeanFactory.java:531)
	at org.springframework.beans.factory.support.AbstractBeanFactory.lambda$doGetBean$0(AbstractBeanFactory.java:335)
	at org.springframework.beans.factory.support.DefaultSingletonBeanRegistry.getSingleton(DefaultSingletonBeanRegistry.java:234)
	at org.springframework.beans.factory.support.AbstractBeanFactory.doGetBean(AbstractBeanFactory.java:333)
	at org.springframework.beans.factory.support.AbstractBeanFactory.getBean(AbstractBeanFactory.java:208)
	at org.springframework.context.support.AbstractApplicationContext.getBean(AbstractApplicationContext.java:1159)
	at org.springframework.context.support.AbstractApplicationContext.finishBeanFactoryInitialization(AbstractApplicationContext.java:913)
	at org.springframework.context.support.AbstractApplicationContext.refresh(AbstractApplicationContext.java:588)
	at org.springframework.boot.web.servlet.context.ServletWebServerApplicationContext.refresh(ServletWebServerApplicationContext.java:144)
	at org.springframework.boot.SpringApplication.refresh(SpringApplication.java:767)
	at org.springframework.boot.SpringApplication.refresh(SpringApplication.java:759)
	at org.springframework.boot.SpringApplication.refreshContext(SpringApplication.java:426)
	at org.springframework.boot.SpringApplication.run(SpringApplication.java:326)
	at org.springframework.boot.SpringApplication.run(SpringApplication.java:1309)
	at org.springframework.boot.SpringApplication.run(SpringApplication.java:1298)
	at com.whut.blog.BlogV1Application.main(BlogV1Application.java:10)
	at java.base/jdk.internal.reflect.NativeMethodAccessorImpl.invoke0(Native Method)
	at java.base/jdk.internal.reflect.NativeMethodAccessorImpl.invoke(NativeMethodAccessorImpl.java:62)
	at java.base/jdk.internal.reflect.DelegatingMethodAccessorImpl.invoke(DelegatingMethodAccessorImpl.java:43)
	at java.base/java.lang.reflect.Method.invoke(Method.java:564)
	at org.springframework.boot.devtools.restart.RestartLauncher.run(RestartLauncher.java:49)
Caused by: com.mysql.cj.exceptions.CJCommunicationsException: Communications link failure

The last packet sent successfully to the server was 0 milliseconds ago. The driver has not received any packets from the server.
	at java.base/jdk.internal.reflect.NativeConstructorAccessorImpl.newInstance0(Native Method)
	at java.base/jdk.internal.reflect.NativeConstructorAccessorImpl.newInstance(NativeConstructorAccessorImpl.java:62)
	at java.base/jdk.internal.reflect.DelegatingConstructorAccessorImpl.newInstance(DelegatingConstructorAccessorImpl.java:45)
	at java.base/java.lang.reflect.Constructor.newInstanceWithCaller(Constructor.java:500)
	at java.base/java.lang.reflect.Constructor.newInstance(Constructor.java:481)
	at com.mysql.cj.exceptions.ExceptionFactory.createException(ExceptionFactory.java:61)
	at com.mysql.cj.exceptions.ExceptionFactory.createException(ExceptionFactory.java:105)
	at com.mysql.cj.exceptions.ExceptionFactory.createException(ExceptionFactory.java:151)
	at com.mysql.cj.exceptions.ExceptionFactory.createCommunicationsException(ExceptionFactory.java:167)
	at com.mysql.cj.protocol.a.NativeSocketConnection.connect(NativeSocketConnection.java:89)
	at com.mysql.cj.NativeSession.connect(NativeSession.java:144)
	at com.mysql.cj.jdbc.ConnectionImpl.connectOneTryOnly(ConnectionImpl.java:956)
	at com.mysql.cj.jdbc.ConnectionImpl.createNewIO(ConnectionImpl.java:826)
	... 55 common frames omitted
Caused by: java.net.ConnectException: Connection timed out: no further information
	at java.base/sun.nio.ch.Net.pollConnect(Native Method)
	at java.base/sun.nio.ch.Net.pollConnectNow(Net.java:589)
	at java.base/sun.nio.ch.NioSocketImpl.timedFinishConnect(NioSocketImpl.java:549)
	at java.base/sun.nio.ch.NioSocketImpl.connect(NioSocketImpl.java:597)
	at java.base/java.net.SocksSocketImpl.connect(SocksSocketImpl.java:333)
	at java.base/java.net.Socket.connect(Socket.java:648)
	at com.mysql.cj.protocol.StandardSocketFactory.connect(StandardSocketFactory.java:155)
	at com.mysql.cj.protocol.a.NativeSocketConnection.connect(NativeSocketConnection.java:63)
	... 58 common frames omitted
2021-01-05 10:36:10.100 [ restartedMain ] - [ WARN  ] [ o.h.e.jdbc.env.internal.JdbcEnvironmentInitiator : 132 ] - HHH000342: Could not obtain connection to query metadata
com.mysql.cj.jdbc.exceptions.CommunicationsException: Communications link failure

The last packet sent successfully to the server was 0 milliseconds ago. The driver has not received any packets from the server.
	at com.mysql.cj.jdbc.exceptions.SQLError.createCommunicationsException(SQLError.java:174)
	at com.mysql.cj.jdbc.exceptions.SQLExceptionsMapping.translateException(SQLExceptionsMapping.java:64)
	at com.mysql.cj.jdbc.ConnectionImpl.createNewIO(ConnectionImpl.java:836)
	at com.mysql.cj.jdbc.ConnectionImpl.<init>(ConnectionImpl.java:456)
	at com.mysql.cj.jdbc.ConnectionImpl.getInstance(ConnectionImpl.java:246)
	at com.mysql.cj.jdbc.NonRegisteringDriver.connect(NonRegisteringDriver.java:198)
	at com.zaxxer.hikari.util.DriverDataSource.getConnection(DriverDataSource.java:138)
	at com.zaxxer.hikari.pool.PoolBase.newConnection(PoolBase.java:358)
	at com.zaxxer.hikari.pool.PoolBase.newPoolEntry(PoolBase.java:206)
	at com.zaxxer.hikari.pool.HikariPool.createPoolEntry(HikariPool.java:477)
	at com.zaxxer.hikari.pool.HikariPool.checkFailFast(HikariPool.java:560)
	at com.zaxxer.hikari.pool.HikariPool.<init>(HikariPool.java:115)
	at com.zaxxer.hikari.HikariDataSource.getConnection(HikariDataSource.java:112)
	at org.hibernate.engine.jdbc.connections.internal.DatasourceConnectionProviderImpl.getConnection(DatasourceConnectionProviderImpl.java:122)
	at org.hibernate.engine.jdbc.env.internal.JdbcEnvironmentInitiator$ConnectionProviderJdbcConnectionAccess.obtainConnection(JdbcEnvironmentInitiator.java:180)
	at org.hibernate.engine.jdbc.env.internal.JdbcEnvironmentInitiator.initiateService(JdbcEnvironmentInitiator.java:68)
	at org.hibernate.engine.jdbc.env.internal.JdbcEnvironmentInitiator.initiateService(JdbcEnvironmentInitiator.java:35)
	at org.hibernate.boot.registry.internal.StandardServiceRegistryImpl.initiateService(StandardServiceRegistryImpl.java:101)
	at org.hibernate.service.internal.AbstractServiceRegistryImpl.createService(AbstractServiceRegistryImpl.java:263)
	at org.hibernate.service.internal.AbstractServiceRegistryImpl.initializeService(AbstractServiceRegistryImpl.java:237)
	at org.hibernate.service.internal.AbstractServiceRegistryImpl.getService(AbstractServiceRegistryImpl.java:214)
	at org.hibernate.id.factory.internal.DefaultIdentifierGeneratorFactory.injectServices(DefaultIdentifierGeneratorFactory.java:152)
	at org.hibernate.service.internal.AbstractServiceRegistryImpl.injectDependencies(AbstractServiceRegistryImpl.java:286)
	at org.hibernate.service.internal.AbstractServiceRegistryImpl.initializeService(AbstractServiceRegistryImpl.java:243)
	at org.hibernate.service.internal.AbstractServiceRegistryImpl.getService(AbstractServiceRegistryImpl.java:214)
	at org.hibernate.boot.internal.InFlightMetadataCollectorImpl.<init>(InFlightMetadataCollectorImpl.java:176)
	at org.hibernate.boot.model.process.spi.MetadataBuildingProcess.complete(MetadataBuildingProcess.java:127)
	at org.hibernate.jpa.boot.internal.EntityManagerFactoryBuilderImpl.metadata(EntityManagerFactoryBuilderImpl.java:1224)
	at org.hibernate.jpa.boot.internal.EntityManagerFactoryBuilderImpl.build(EntityManagerFactoryBuilderImpl.java:1255)
	at org.springframework.orm.jpa.vendor.SpringHibernateJpaPersistenceProvider.createContainerEntityManagerFactory(SpringHibernateJpaPersistenceProvider.java:58)
	at org.springframework.orm.jpa.LocalContainerEntityManagerFactoryBean.createNativeEntityManagerFactory(LocalContainerEntityManagerFactoryBean.java:365)
	at org.springframework.orm.jpa.AbstractEntityManagerFactoryBean.buildNativeEntityManagerFactory(AbstractEntityManagerFactoryBean.java:409)
	at org.springframework.orm.jpa.AbstractEntityManagerFactoryBean.afterPropertiesSet(AbstractEntityManagerFactoryBean.java:396)
	at org.springframework.orm.jpa.LocalContainerEntityManagerFactoryBean.afterPropertiesSet(LocalContainerEntityManagerFactoryBean.java:341)
	at org.springframework.beans.factory.support.AbstractAutowireCapableBeanFactory.invokeInitMethods(AbstractAutowireCapableBeanFactory.java:1847)
	at org.springframework.beans.factory.support.AbstractAutowireCapableBeanFactory.initializeBean(AbstractAutowireCapableBeanFactory.java:1784)
	at org.springframework.beans.factory.support.AbstractAutowireCapableBeanFactory.doCreateBean(AbstractAutowireCapableBeanFactory.java:609)
	at org.springframework.beans.factory.support.AbstractAutowireCapableBeanFactory.createBean(AbstractAutowireCapableBeanFactory.java:531)
	at org.springframework.beans.factory.support.AbstractBeanFactory.lambda$doGetBean$0(AbstractBeanFactory.java:335)
	at org.springframework.beans.factory.support.DefaultSingletonBeanRegistry.getSingleton(DefaultSingletonBeanRegistry.java:234)
	at org.springframework.beans.factory.support.AbstractBeanFactory.doGetBean(AbstractBeanFactory.java:333)
	at org.springframework.beans.factory.support.AbstractBeanFactory.getBean(AbstractBeanFactory.java:208)
	at org.springframework.context.support.AbstractApplicationContext.getBean(AbstractApplicationContext.java:1159)
	at org.springframework.context.support.AbstractApplicationContext.finishBeanFactoryInitialization(AbstractApplicationContext.java:913)
	at org.springframework.context.support.AbstractApplicationContext.refresh(AbstractApplicationContext.java:588)
	at org.springframework.boot.web.servlet.context.ServletWebServerApplicationContext.refresh(ServletWebServerApplicationContext.java:144)
	at org.springframework.boot.SpringApplication.refresh(SpringApplication.java:767)
	at org.springframework.boot.SpringApplication.refresh(SpringApplication.java:759)
	at org.springframework.boot.SpringApplication.refreshContext(SpringApplication.java:426)
	at org.springframework.boot.SpringApplication.run(SpringApplication.java:326)
	at org.springframework.boot.SpringApplication.run(SpringApplication.java:1309)
	at org.springframework.boot.SpringApplication.run(SpringApplication.java:1298)
	at com.whut.blog.BlogV1Application.main(BlogV1Application.java:10)
	at java.base/jdk.internal.reflect.NativeMethodAccessorImpl.invoke0(Native Method)
	at java.base/jdk.internal.reflect.NativeMethodAccessorImpl.invoke(NativeMethodAccessorImpl.java:62)
	at java.base/jdk.internal.reflect.DelegatingMethodAccessorImpl.invoke(DelegatingMethodAccessorImpl.java:43)
	at java.base/java.lang.reflect.Method.invoke(Method.java:564)
	at org.springframework.boot.devtools.restart.RestartLauncher.run(RestartLauncher.java:49)
Caused by: com.mysql.cj.exceptions.CJCommunicationsException: Communications link failure

The last packet sent successfully to the server was 0 milliseconds ago. The driver has not received any packets from the server.
	at java.base/jdk.internal.reflect.NativeConstructorAccessorImpl.newInstance0(Native Method)
	at java.base/jdk.internal.reflect.NativeConstructorAccessorImpl.newInstance(NativeConstructorAccessorImpl.java:62)
	at java.base/jdk.internal.reflect.DelegatingConstructorAccessorImpl.newInstance(DelegatingConstructorAccessorImpl.java:45)
	at java.base/java.lang.reflect.Constructor.newInstanceWithCaller(Constructor.java:500)
	at java.base/java.lang.reflect.Constructor.newInstance(Constructor.java:481)
	at com.mysql.cj.exceptions.ExceptionFactory.createException(ExceptionFactory.java:61)
	at com.mysql.cj.exceptions.ExceptionFactory.createException(ExceptionFactory.java:105)
	at com.mysql.cj.exceptions.ExceptionFactory.createException(ExceptionFactory.java:151)
	at com.mysql.cj.exceptions.ExceptionFactory.createCommunicationsException(ExceptionFactory.java:167)
	at com.mysql.cj.protocol.a.NativeSocketConnection.connect(NativeSocketConnection.java:89)
	at com.mysql.cj.NativeSession.connect(NativeSession.java:144)
	at com.mysql.cj.jdbc.ConnectionImpl.connectOneTryOnly(ConnectionImpl.java:956)
	at com.mysql.cj.jdbc.ConnectionImpl.createNewIO(ConnectionImpl.java:826)
	... 55 common frames omitted
Caused by: java.net.ConnectException: Connection timed out: no further information
	at java.base/sun.nio.ch.Net.pollConnect(Native Method)
	at java.base/sun.nio.ch.Net.pollConnectNow(Net.java:589)
	at java.base/sun.nio.ch.NioSocketImpl.timedFinishConnect(NioSocketImpl.java:549)
	at java.base/sun.nio.ch.NioSocketImpl.connect(NioSocketImpl.java:597)
	at java.base/java.net.SocksSocketImpl.connect(SocksSocketImpl.java:333)
	at java.base/java.net.Socket.connect(Socket.java:648)
	at com.mysql.cj.protocol.StandardSocketFactory.connect(StandardSocketFactory.java:155)
	at com.mysql.cj.protocol.a.NativeSocketConnection.connect(NativeSocketConnection.java:63)
	... 58 common frames omitted
2021-01-05 10:36:10.107 [ restartedMain ] - [ INFO  ] [ org.apache.catalina.core.StandardService : 173 ] - Stopping service [Tomcat]
2021-01-05 10:38:51.584 [ background-preinit ] - [ INFO  ] [ org.hibernate.validator.internal.util.Version : 21 ] - HV000001: Hibernate Validator 6.1.7.Final
2021-01-05 10:38:51.585 [ restartedMain ] - [ INFO  ] [ com.whut.blog.BlogV1Application : 55 ] - Starting BlogV1Application using Java 14.0.1 on MSI with PID 25448 (E:\java_project\SpringBoot\blog_v1\target\classes started by MSI-PC in E:\java_project\SpringBoot\blog_v1)
2021-01-05 10:38:51.587 [ restartedMain ] - [ DEBUG ] [ com.whut.blog.BlogV1Application : 56 ] - Running with Spring Boot v2.4.1, Spring v5.3.2
2021-01-05 10:38:51.587 [ restartedMain ] - [ INFO  ] [ com.whut.blog.BlogV1Application : 664 ] - The following profiles are active: dev
2021-01-05 10:38:52.253 [ restartedMain ] - [ WARN  ] [ org.mybatis.spring.mapper.ClassPathMapperScanner : 44 ] - No MyBatis mapper was found in '[com.whut.blog]' package. Please check your configuration.
2021-01-05 10:38:52.653 [ restartedMain ] - [ INFO  ] [ org.apache.coyote.http11.Http11NioProtocol : 173 ] - Initializing ProtocolHandler ["http-nio-8080"]
2021-01-05 10:38:52.653 [ restartedMain ] - [ INFO  ] [ org.apache.catalina.core.StandardService : 173 ] - Starting service [Tomcat]
2021-01-05 10:38:52.653 [ restartedMain ] - [ INFO  ] [ org.apache.catalina.core.StandardEngine : 173 ] - Starting Servlet engine: [Apache Tomcat/9.0.41]
2021-01-05 10:38:52.710 [ restartedMain ] - [ INFO  ] [ o.a.c.core.ContainerBase.[Tomcat].[localhost].[/] : 173 ] - Initializing Spring embedded WebApplicationContext
2021-01-05 10:38:52.818 [ restartedMain ] - [ INFO  ] [ org.hibernate.jpa.internal.util.LogHelper : 31 ] - HHH000204: Processing PersistenceUnitInfo [name: default]
2021-01-05 10:38:52.842 [ restartedMain ] - [ INFO  ] [ org.hibernate.Version : 44 ] - HHH000412: Hibernate ORM core version 5.4.25.Final
2021-01-05 10:38:52.914 [ restartedMain ] - [ INFO  ] [ org.hibernate.annotations.common.Version : 56 ] - HCANN000001: Hibernate Commons Annotations {5.1.2.Final}
2021-01-05 10:38:52.966 [ restartedMain ] - [ INFO  ] [ com.zaxxer.hikari.HikariDataSource : 110 ] - HikariPool-1 - Starting...
2021-01-05 10:38:54.214 [ restartedMain ] - [ INFO  ] [ com.zaxxer.hikari.HikariDataSource : 123 ] - HikariPool-1 - Start completed.
2021-01-05 10:38:54.256 [ restartedMain ] - [ INFO  ] [ org.hibernate.dialect.Dialect : 175 ] - HHH000400: Using dialect: org.hibernate.dialect.MySQL8Dialect
2021-01-05 10:38:55.146 [ restartedMain ] - [ INFO  ] [ o.h.e.t.jta.platform.internal.JtaPlatformInitiator : 52 ] - HHH000490: Using JtaPlatform implementation: [org.hibernate.engine.transaction.jta.platform.internal.NoJtaPlatform]
2021-01-05 10:38:56.817 [ restartedMain ] - [ INFO  ] [ org.apache.coyote.http11.Http11NioProtocol : 173 ] - Starting ProtocolHandler ["http-nio-8080"]
2021-01-05 10:38:56.990 [ restartedMain ] - [ INFO  ] [ com.whut.blog.BlogV1Application : 61 ] - Started BlogV1Application in 5.729 seconds (JVM running for 6.303)
2021-01-05 10:39:00.108 [ http-nio-8080-exec-1 ] - [ INFO  ] [ o.a.c.core.ContainerBase.[Tomcat].[localhost].[/] : 173 ] - Initializing Spring DispatcherServlet 'dispatcherServlet'
2021-01-05 10:39:00.132 [ http-nio-8080-exec-1 ] - [ INFO  ] [ com.whut.blog.aspect.LogAspect : 35 ] - Request : {url='http://localhost:8080/', ip='0:0:0:0:0:0:0:1', classMethod='com.whut.blog.controller.IndexController.index', args=[Page request [number: 0, size 8, sort: updateTime: DESC], {}]}
2021-01-05 10:39:00.318 [ http-nio-8080-exec-1 ] - [ WARN  ] [ org.hibernate.orm.deprecation : 670 ] - HHH90000016: Found use of deprecated 'collection property' syntax in HQL/JPQL query [t.blogs.size]; use collection function syntax instead [size(t.blogs)].
2021-01-05 10:39:00.327 [ http-nio-8080-exec-1 ] - [ WARN  ] [ org.hibernate.orm.deprecation : 670 ] - HHH90000016: Found use of deprecated 'collection property' syntax in HQL/JPQL query [t.blogs.size]; use collection function syntax instead [size(t.blogs)].
2021-01-05 10:39:00.364 [ http-nio-8080-exec-1 ] - [ INFO  ] [ com.whut.blog.aspect.LogAspect : 43 ] - Result : index
2021-01-05 10:39:01.113 [ http-nio-8080-exec-10 ] - [ INFO  ] [ com.whut.blog.aspect.LogAspect : 35 ] - Request : {url='http://localhost:8080/footer/newblogs', ip='0:0:0:0:0:0:0:1', classMethod='com.whut.blog.controller.IndexController.newBlogs', args=[{}]}
2021-01-05 10:39:01.128 [ http-nio-8080-exec-10 ] - [ INFO  ] [ com.whut.blog.aspect.LogAspect : 43 ] - Result : fragments :: newblogList
2021-01-05 10:39:51.232 [ http-nio-8080-exec-3 ] - [ INFO  ] [ com.whut.blog.aspect.LogAspect : 35 ] - Request : {url='http://localhost:8080/blog/67', ip='0:0:0:0:0:0:0:1', classMethod='com.whut.blog.controller.IndexController.blog', args=[67, {}]}
2021-01-05 10:39:51.308 [ http-nio-8080-exec-3 ] - [ INFO  ] [ com.whut.blog.aspect.LogAspect : 43 ] - Result : blog
2021-01-05 10:39:51.620 [ http-nio-8080-exec-5 ] - [ INFO  ] [ com.whut.blog.aspect.LogAspect : 35 ] - Request : {url='http://localhost:8080/footer/newblogs', ip='0:0:0:0:0:0:0:1', classMethod='com.whut.blog.controller.IndexController.newBlogs', args=[{}]}
2021-01-05 10:39:51.628 [ http-nio-8080-exec-5 ] - [ INFO  ] [ com.whut.blog.aspect.LogAspect : 43 ] - Result : fragments :: newblogList
2021-01-05 10:40:38.125 [ http-nio-8080-exec-1 ] - [ INFO  ] [ com.whut.blog.aspect.LogAspect : 35 ] - Request : {url='http://localhost:8080/types/-1', ip='0:0:0:0:0:0:0:1', classMethod='com.whut.blog.controller.TypeShowController.types', args=[Page request [number: 0, size 8, sort: updateTime: DESC], -1, {}]}
2021-01-05 10:40:38.143 [ http-nio-8080-exec-1 ] - [ INFO  ] [ com.whut.blog.aspect.LogAspect : 43 ] - Result : types
2021-01-05 10:40:38.429 [ http-nio-8080-exec-3 ] - [ INFO  ] [ com.whut.blog.aspect.LogAspect : 35 ] - Request : {url='http://localhost:8080/footer/newblogs', ip='0:0:0:0:0:0:0:1', classMethod='com.whut.blog.controller.IndexController.newBlogs', args=[{}]}
2021-01-05 10:40:38.438 [ http-nio-8080-exec-3 ] - [ INFO  ] [ com.whut.blog.aspect.LogAspect : 43 ] - Result : fragments :: newblogList
2021-01-05 10:40:40.070 [ http-nio-8080-exec-10 ] - [ INFO  ] [ com.whut.blog.aspect.LogAspect : 35 ] - Request : {url='http://localhost:8080/types/5', ip='0:0:0:0:0:0:0:1', classMethod='com.whut.blog.controller.TypeShowController.types', args=[Page request [number: 0, size 8, sort: updateTime: DESC], 5, {}]}
2021-01-05 10:40:40.079 [ http-nio-8080-exec-10 ] - [ INFO  ] [ com.whut.blog.aspect.LogAspect : 43 ] - Result : types
2021-01-05 10:40:40.308 [ http-nio-8080-exec-4 ] - [ INFO  ] [ com.whut.blog.aspect.LogAspect : 35 ] - Request : {url='http://localhost:8080/footer/newblogs', ip='0:0:0:0:0:0:0:1', classMethod='com.whut.blog.controller.IndexController.newBlogs', args=[{}]}
2021-01-05 10:40:40.318 [ http-nio-8080-exec-4 ] - [ INFO  ] [ com.whut.blog.aspect.LogAspect : 43 ] - Result : fragments :: newblogList
2021-01-05 10:41:25.524 [ http-nio-8080-exec-7 ] - [ INFO  ] [ com.whut.blog.aspect.LogAspect : 35 ] - Request : {url='http://localhost:8080/archives', ip='0:0:0:0:0:0:0:1', classMethod='com.whut.blog.controller.ArchiveShowController.archives', args=[{}]}
2021-01-05 10:41:25.597 [ http-nio-8080-exec-7 ] - [ INFO  ] [ com.whut.blog.aspect.LogAspect : 43 ] - Result : archives
2021-01-05 10:41:25.825 [ http-nio-8080-exec-6 ] - [ INFO  ] [ com.whut.blog.aspect.LogAspect : 35 ] - Request : {url='http://localhost:8080/footer/newblogs', ip='0:0:0:0:0:0:0:1', classMethod='com.whut.blog.controller.IndexController.newBlogs', args=[{}]}
2021-01-05 10:41:25.832 [ http-nio-8080-exec-6 ] - [ INFO  ] [ com.whut.blog.aspect.LogAspect : 43 ] - Result : fragments :: newblogList
2021-01-05 10:42:02.430 [ http-nio-8080-exec-1 ] - [ INFO  ] [ com.whut.blog.aspect.LogAspect : 35 ] - Request : {url='http://localhost:8080/about', ip='0:0:0:0:0:0:0:1', classMethod='com.whut.blog.controller.IndexController.about', args=[]}
2021-01-05 10:42:02.431 [ http-nio-8080-exec-1 ] - [ INFO  ] [ com.whut.blog.aspect.LogAspect : 43 ] - Result : about
2021-01-05 10:42:02.719 [ http-nio-8080-exec-2 ] - [ INFO  ] [ com.whut.blog.aspect.LogAspect : 35 ] - Request : {url='http://localhost:8080/footer/newblogs', ip='0:0:0:0:0:0:0:1', classMethod='com.whut.blog.controller.IndexController.newBlogs', args=[{}]}
2021-01-05 10:42:02.727 [ http-nio-8080-exec-2 ] - [ INFO  ] [ com.whut.blog.aspect.LogAspect : 43 ] - Result : fragments :: newblogList
2021-01-05 10:42:21.973 [ http-nio-8080-exec-10 ] - [ INFO  ] [ com.whut.blog.aspect.LogAspect : 35 ] - Request : {url='http://localhost:8080/footer/newblogs', ip='0:0:0:0:0:0:0:1', classMethod='com.whut.blog.controller.IndexController.newBlogs', args=[{}]}
2021-01-05 10:42:21.981 [ http-nio-8080-exec-10 ] - [ INFO  ] [ com.whut.blog.aspect.LogAspect : 43 ] - Result : fragments :: newblogList
2021-01-05 10:43:37.093 [ http-nio-8080-exec-5 ] - [ INFO  ] [ com.whut.blog.aspect.LogAspect : 35 ] - Request : {url='http://localhost:8080/footer/newblogs', ip='0:0:0:0:0:0:0:1', classMethod='com.whut.blog.controller.IndexController.newBlogs', args=[{}]}
2021-01-05 10:43:37.100 [ http-nio-8080-exec-5 ] - [ INFO  ] [ com.whut.blog.aspect.LogAspect : 43 ] - Result : fragments :: newblogList
2021-01-05 10:45:37.520 [ http-nio-8080-exec-4 ] - [ INFO  ] [ com.whut.blog.aspect.LogAspect : 35 ] - Request : {url='http://localhost:8080/footer/newblogs', ip='0:0:0:0:0:0:0:1', classMethod='com.whut.blog.controller.IndexController.newBlogs', args=[{}]}
2021-01-05 10:45:37.527 [ http-nio-8080-exec-4 ] - [ INFO  ] [ com.whut.blog.aspect.LogAspect : 43 ] - Result : fragments :: newblogList
2021-01-05 10:45:38.660 [ http-nio-8080-exec-7 ] - [ INFO  ] [ com.whut.blog.aspect.LogAspect : 35 ] - Request : {url='http://localhost:8080/footer/newblogs', ip='0:0:0:0:0:0:0:1', classMethod='com.whut.blog.controller.IndexController.newBlogs', args=[{}]}
2021-01-05 10:45:38.670 [ http-nio-8080-exec-7 ] - [ INFO  ] [ com.whut.blog.aspect.LogAspect : 43 ] - Result : fragments :: newblogList
2021-01-05 10:45:40.778 [ http-nio-8080-exec-8 ] - [ INFO  ] [ com.whut.blog.aspect.LogAspect : 35 ] - Request : {url='http://localhost:8080/footer/newblogs', ip='0:0:0:0:0:0:0:1', classMethod='com.whut.blog.controller.IndexController.newBlogs', args=[{}]}
2021-01-05 10:45:40.786 [ http-nio-8080-exec-8 ] - [ INFO  ] [ com.whut.blog.aspect.LogAspect : 43 ] - Result : fragments :: newblogList
2021-01-05 10:45:42.795 [ http-nio-8080-exec-3 ] - [ INFO  ] [ com.whut.blog.aspect.LogAspect : 35 ] - Request : {url='http://localhost:8080/footer/newblogs', ip='0:0:0:0:0:0:0:1', classMethod='com.whut.blog.controller.IndexController.newBlogs', args=[{}]}
2021-01-05 10:45:42.801 [ http-nio-8080-exec-3 ] - [ INFO  ] [ com.whut.blog.aspect.LogAspect : 43 ] - Result : fragments :: newblogList
2021-01-05 10:45:44.378 [ http-nio-8080-exec-4 ] - [ INFO  ] [ com.whut.blog.aspect.LogAspect : 35 ] - Request : {url='http://localhost:8080/footer/newblogs', ip='0:0:0:0:0:0:0:1', classMethod='com.whut.blog.controller.IndexController.newBlogs', args=[{}]}
2021-01-05 10:45:44.385 [ http-nio-8080-exec-4 ] - [ INFO  ] [ com.whut.blog.aspect.LogAspect : 43 ] - Result : fragments :: newblogList
2021-01-05 10:46:05.943 [ http-nio-8080-exec-8 ] - [ INFO  ] [ com.whut.blog.aspect.LogAspect : 35 ] - Request : {url='http://localhost:8080/footer/newblogs', ip='0:0:0:0:0:0:0:1', classMethod='com.whut.blog.controller.IndexController.newBlogs', args=[{}]}
2021-01-05 10:46:05.949 [ http-nio-8080-exec-8 ] - [ INFO  ] [ com.whut.blog.aspect.LogAspect : 43 ] - Result : fragments :: newblogList
2021-01-05 10:46:40.180 [ http-nio-8080-exec-1 ] - [ INFO  ] [ com.whut.blog.aspect.LogAspect : 35 ] - Request : {url='http://localhost:8080/footer/newblogs', ip='0:0:0:0:0:0:0:1', classMethod='com.whut.blog.controller.IndexController.newBlogs', args=[{}]}
2021-01-05 10:46:40.187 [ http-nio-8080-exec-1 ] - [ INFO  ] [ com.whut.blog.aspect.LogAspect : 43 ] - Result : fragments :: newblogList
2021-01-05 10:46:41.461 [ http-nio-8080-exec-4 ] - [ INFO  ] [ com.whut.blog.aspect.LogAspect : 35 ] - Request : {url='http://localhost:8080/footer/newblogs', ip='0:0:0:0:0:0:0:1', classMethod='com.whut.blog.controller.IndexController.newBlogs', args=[{}]}
2021-01-05 10:46:41.468 [ http-nio-8080-exec-4 ] - [ INFO  ] [ com.whut.blog.aspect.LogAspect : 43 ] - Result : fragments :: newblogList
2021-01-05 10:52:50.571 [ http-nio-8080-exec-2 ] - [ INFO  ] [ com.whut.blog.aspect.LogAspect : 35 ] - Request : {url='http://localhost:8080/footer/newblogs', ip='0:0:0:0:0:0:0:1', classMethod='com.whut.blog.controller.IndexController.newBlogs', args=[{}]}
2021-01-05 10:52:50.578 [ http-nio-8080-exec-2 ] - [ INFO  ] [ com.whut.blog.aspect.LogAspect : 43 ] - Result : fragments :: newblogList
2021-01-05 10:53:20.862 [ http-nio-8080-exec-5 ] - [ INFO  ] [ com.whut.blog.aspect.LogAspect : 35 ] - Request : {url='http://localhost:8080/footer/newblogs', ip='0:0:0:0:0:0:0:1', classMethod='com.whut.blog.controller.IndexController.newBlogs', args=[{}]}
2021-01-05 10:53:20.879 [ http-nio-8080-exec-5 ] - [ INFO  ] [ com.whut.blog.aspect.LogAspect : 43 ] - Result : fragments :: newblogList
2021-01-05 10:53:25.574 [ http-nio-8080-exec-8 ] - [ INFO  ] [ com.whut.blog.aspect.LogAspect : 35 ] - Request : {url='http://localhost:8080/footer/newblogs', ip='0:0:0:0:0:0:0:1', classMethod='com.whut.blog.controller.IndexController.newBlogs', args=[{}]}
2021-01-05 10:53:25.582 [ http-nio-8080-exec-8 ] - [ INFO  ] [ com.whut.blog.aspect.LogAspect : 43 ] - Result : fragments :: newblogList
2021-01-05 10:53:26.575 [ http-nio-8080-exec-6 ] - [ INFO  ] [ com.whut.blog.aspect.LogAspect : 35 ] - Request : {url='http://localhost:8080/footer/newblogs', ip='0:0:0:0:0:0:0:1', classMethod='com.whut.blog.controller.IndexController.newBlogs', args=[{}]}
2021-01-05 10:53:26.583 [ http-nio-8080-exec-6 ] - [ INFO  ] [ com.whut.blog.aspect.LogAspect : 43 ] - Result : fragments :: newblogList
2021-01-05 10:53:27.647 [ http-nio-8080-exec-2 ] - [ INFO  ] [ com.whut.blog.aspect.LogAspect : 35 ] - Request : {url='http://localhost:8080/footer/newblogs', ip='0:0:0:0:0:0:0:1', classMethod='com.whut.blog.controller.IndexController.newBlogs', args=[{}]}
2021-01-05 10:53:27.652 [ http-nio-8080-exec-2 ] - [ INFO  ] [ com.whut.blog.aspect.LogAspect : 43 ] - Result : fragments :: newblogList
2021-01-05 10:53:28.441 [ http-nio-8080-exec-7 ] - [ INFO  ] [ com.whut.blog.aspect.LogAspect : 35 ] - Request : {url='http://localhost:8080/footer/newblogs', ip='0:0:0:0:0:0:0:1', classMethod='com.whut.blog.controller.IndexController.newBlogs', args=[{}]}
2021-01-05 10:53:28.450 [ http-nio-8080-exec-7 ] - [ INFO  ] [ com.whut.blog.aspect.LogAspect : 43 ] - Result : fragments :: newblogList
2021-01-05 10:53:29.905 [ http-nio-8080-exec-9 ] - [ INFO  ] [ com.whut.blog.aspect.LogAspect : 35 ] - Request : {url='http://localhost:8080/footer/newblogs', ip='0:0:0:0:0:0:0:1', classMethod='com.whut.blog.controller.IndexController.newBlogs', args=[{}]}
2021-01-05 10:53:29.911 [ http-nio-8080-exec-9 ] - [ INFO  ] [ com.whut.blog.aspect.LogAspect : 43 ] - Result : fragments :: newblogList
